2023-10-20T13:34:36.456608300:
     class javax.security.auth.login.FailedLoginException
     Testing
     Main.Main.main(Main.java:53)
2023-10-20T13:37:03.925219900:
     class javax.security.auth.login.FailedLoginException
     Testing
     Main.Main.main(Main.java:53)
2023-10-20T13:40:44.814657400:
     class java.io.IOException
     Test
     Main.Database.readProjects(Database.java:323)
     Main.Database.refresh(Database.java:312)
     Main.Main.main(Main.java:69)
2023-10-20T13:41:31.294798300:
     class java.io.IOException
     Test
     Main.Database.readProjects(Database.java:323)
     Main.Database.refresh(Database.java:312)
     Main.Main.main(Main.java:69)
2023-10-20T13:42:50.078660:
     class java.io.IOException
     Test
     Stack Trace:
     Main.Database.readProjects(Database.java:323)
     Main.Database.refresh(Database.java:312)
     Main.Main.main(Main.java:69)
2023-10-20T13:43:11.292634200:
     class java.io.IOException
     Test
     Stack Trace:
     Main.Database.readProjects(Database.java:323)
     Main.Database.refresh(Database.java:312)
     Main.Main.main(Main.java:69)
2023-10-20T13:43:16.733866500:
     class java.io.IOException
     Test
     Stack Trace:
     Main.Database.readProjects(Database.java:323)
     Main.Database.refresh(Database.java:312)
     Main.Main.main(Main.java:69)
2023-10-20T13:43:30.473899700:
     class java.io.IOException
     Test
     Stack Trace:
     Main.Database.readProjects(Database.java:323)
     Main.Database.refresh(Database.java:312)
     Main.Main$ButtonListener.actionPerformed(Main.java:259)
     java.desktop/javax.swing.AbstractButton.fireActionPerformed(AbstractButton.java:1972)
     java.desktop/javax.swing.AbstractButton$Handler.actionPerformed(AbstractButton.java:2313)
     java.desktop/javax.swing.DefaultButtonModel.fireActionPerformed(DefaultButtonModel.java:405)
     java.desktop/javax.swing.DefaultButtonModel.setPressed(DefaultButtonModel.java:262)
     java.desktop/javax.swing.plaf.basic.BasicButtonListener.mouseReleased(BasicButtonListener.java:279)
     java.desktop/java.awt.Component.processMouseEvent(Component.java:6626)
     java.desktop/javax.swing.JComponent.processMouseEvent(JComponent.java:3389)
     java.desktop/java.awt.Component.processEvent(Component.java:6391)
     java.desktop/java.awt.Container.processEvent(Container.java:2266)
     java.desktop/java.awt.Component.dispatchEventImpl(Component.java:5001)
     java.desktop/java.awt.Container.dispatchEventImpl(Container.java:2324)
     java.desktop/java.awt.Component.dispatchEvent(Component.java:4833)
     java.desktop/java.awt.LightweightDispatcher.retargetMouseEvent(Container.java:4948)
     java.desktop/java.awt.LightweightDispatcher.processMouseEvent(Container.java:4575)
     java.desktop/java.awt.LightweightDispatcher.dispatchEvent(Container.java:4516)
     java.desktop/java.awt.Container.dispatchEventImpl(Container.java:2310)
     java.desktop/java.awt.Window.dispatchEventImpl(Window.java:2780)
     java.desktop/java.awt.Component.dispatchEvent(Component.java:4833)
     java.desktop/java.awt.EventQueue.dispatchEventImpl(EventQueue.java:773)
     java.desktop/java.awt.EventQueue$4.run(EventQueue.java:722)
     java.desktop/java.awt.EventQueue$4.run(EventQueue.java:716)
     java.base/java.security.AccessController.doPrivileged(AccessController.java:399)
     java.base/java.security.ProtectionDomain$JavaSecurityAccessImpl.doIntersectionPrivilege(ProtectionDomain.java:86)
     java.base/java.security.ProtectionDomain$JavaSecurityAccessImpl.doIntersectionPrivilege(ProtectionDomain.java:97)
     java.desktop/java.awt.EventQueue$5.run(EventQueue.java:746)
     java.desktop/java.awt.EventQueue$5.run(EventQueue.java:744)
     java.base/java.security.AccessController.doPrivileged(AccessController.java:399)
     java.base/java.security.ProtectionDomain$JavaSecurityAccessImpl.doIntersectionPrivilege(ProtectionDomain.java:86)
     java.desktop/java.awt.EventQueue.dispatchEvent(EventQueue.java:743)
     java.desktop/java.awt.EventDispatchThread.pumpOneEventForFilters(EventDispatchThread.java:203)
     java.desktop/java.awt.EventDispatchThread.pumpEventsForFilter(EventDispatchThread.java:124)
     java.desktop/java.awt.EventDispatchThread.pumpEventsForHierarchy(EventDispatchThread.java:113)
     java.desktop/java.awt.EventDispatchThread.pumpEvents(EventDispatchThread.java:109)
     java.desktop/java.awt.EventDispatchThread.pumpEvents(EventDispatchThread.java:101)
     java.desktop/java.awt.EventDispatchThread.run(EventDispatchThread.java:90)
